\BOOKMARK [0][]{titlepage.0}{\376\377\142\111\230\165}{}% 1
\BOOKMARK [0][]{abstract.0}{\376\377\144\130\211\201}{}% 2
\BOOKMARK [0][]{toc.0}{\376\377\166\356\137\125}{}% 3
\BOOKMARK [0][]{lof.0}{\376\377\143\322\126\376\175\042\137\025}{}% 4
\BOOKMARK [0][]{lot.0}{\376\377\210\150\150\074\175\042\137\025}{}% 5
\BOOKMARK [0][]{nomenclature.0}{\376\377\116\073\211\201\173\046\123\367\133\371\161\147\210\150}{}% 6
\BOOKMARK [0][]{chapter.1}{\376\377\173\054\116\000\172\340\000\040\137\025\212\000}{}% 7
\BOOKMARK [1][-]{section.1.1}{\376\377\0001\000.\0001\000\040\172\313\230\171\200\314\146\157}{chapter.1}% 8
\BOOKMARK [1][-]{section.1.2}{\376\377\0001\000.\0002\000\040\230\171\166\356\116\373\122\241\116\146}{chapter.1}% 9
\BOOKMARK [2][-]{subsection.1.2.1}{\376\377\0001\000.\0002\000.\0001\000\040\230\230\166\356\377\032\227\142\124\021\200\257\137\267\127\372\166\204\231\020\230\337\122\006\210\305\117\040\220\001\210\305\177\156}{section.1.2}% 10
\BOOKMARK [2][-]{subsection.1.2.2}{\376\377\0001\000.\0002\000.\0002\000\040\230\171\166\356\145\271\150\110\173\200\116\313}{section.1.2}% 11
\BOOKMARK [2][-]{subsection.1.2.3}{\376\377\0001\000.\0002\000.\0003\000\040\230\171\166\356\230\204\147\037\166\356\150\007}{section.1.2}% 12
\BOOKMARK [2][-]{subsection.1.2.4}{\376\377\0001\000.\0002\000.\0004\000\040\116\373\122\241}{section.1.2}% 13
\BOOKMARK [2][-]{subsection.1.2.5}{\376\377\0001\000.\0002\000.\0005\000\040\142\020\147\234\124\110\163\260\145\271\137\017}{section.1.2}% 14
\BOOKMARK [2][-]{subsection.1.2.6}{\376\377\0001\000.\0002\000.\0006\000\040\230\171\166\356\215\167\153\142\145\366\225\364\377\032\0002\0000\0001\0009\000.\0009\000.\0002\0007\201\363\0002\0000\0002\0000\000.\0001\000.\0001\0001}{section.1.2}% 15
\BOOKMARK [0][]{chapter.2}{\376\377\173\054\116\214\172\340\000\040\122\237\200\375\122\006\211\343\124\214\140\073\117\123\213\276\213\241\140\035\215\357}{}% 16
\BOOKMARK [1][-]{section.2.1}{\376\377\0002\000.\0001\000\040\122\237\200\375\122\006\211\343}{chapter.2}% 17
\BOOKMARK [2][-]{subsection.2.1.1}{\376\377\0002\000.\0001\000.\0001\000\040\143\245\145\066\124\214\122\006\147\220\143\007\116\344}{section.2.1}% 18
\BOOKMARK [2][-]{subsection.2.1.2}{\376\377\0002\000.\0001\000.\0002\000\040\131\071\123\326\116\015\124\014\166\204\135\345\116\366}{section.2.1}% 19
\BOOKMARK [2][-]{subsection.2.1.3}{\376\377\0002\000.\0001\000.\0003\000\040\171\373\122\250\135\345\116\366}{section.2.1}% 20
\BOOKMARK [1][-]{section.2.2}{\376\377\0002\000.\0002\000\040\217\320\122\250\217\154\143\142\166\204\127\372\147\054\122\237\200\375\124\214\117\040\122\250\060\001\121\317\220\037\147\072\147\204\166\204\220\011\127\213}{chapter.2}% 21
\BOOKMARK [2][-]{subsection.2.2.1}{\376\377\0002\000.\0002\000.\0001\000\040\217\320\122\250\174\173\127\213\166\204\217\154\123\026}{section.2.2}% 22
\BOOKMARK [2][-]{subsection.2.2.2}{\376\377\0002\000.\0002\000.\0002\000\040\147\072\147\204\220\011\127\213}{section.2.2}% 23
\BOOKMARK [1][-]{section.2.3}{\376\377\0002\000.\0003\000\040\135\345\117\134\155\101\172\013}{chapter.2}% 24
\BOOKMARK [0][]{chapter.3}{\376\377\173\054\116\011\172\340\000\040\147\072\165\065\143\247\122\066\174\373\176\337}{}% 25
\BOOKMARK [1][-]{section.3.1}{\376\377\0003\000.\0001\000\040\165\065\147\072\220\011\127\213}{chapter.3}% 26
\BOOKMARK [1][-]{section.3.2}{\376\377\0003\000.\0002\000\040\232\161\122\250\126\150\220\011\142\351}{chapter.3}% 27
\BOOKMARK [2][-]{subsection.3.2.1}{\376\377\0003\000.\0002\000.\0001\000\040\153\145\217\333\165\065\147\072\232\161\122\250}{section.3.2}% 28
\BOOKMARK [2][-]{subsection.3.2.2}{\376\377\0003\000.\0002\000.\0002\000\040\166\364\155\101\165\065\147\072\232\161\122\250}{section.3.2}% 29
\BOOKMARK [1][-]{section.3.3}{\376\377\0003\000.\0003\000\040\165\065\156\220\220\011\142\351}{chapter.3}% 30
\BOOKMARK [2][-]{subsection.3.3.1}{\376\377\0003\000.\0003\000.\0001\000\040\117\233\000D\000M\0005\0004\0002\232\161\122\250\126\150}{section.3.3}% 31
\BOOKMARK [2][-]{subsection.3.3.2}{\376\377\0003\000.\0003\000.\0002\000\040\117\233\000D\000M\0005\0004\0002\000C\232\161\122\250\126\150}{section.3.3}% 32
\BOOKMARK [2][-]{subsection.3.3.3}{\376\377\0003\000.\0003\000.\0003\000\040\117\233\000L\0002\0009\0008\000N\232\161\122\250\126\150}{section.3.3}% 33
\BOOKMARK [1][-]{section.3.4}{\376\377\0003\000.\0004\000\040\117\040\141\037\126\150\220\011\142\351}{chapter.3}% 34
\BOOKMARK [1][-]{section.3.5}{\376\377\0003\000.\0005\000\040\143\247\122\066\147\177\220\011\142\351}{chapter.3}% 35
